{"level":"info","message":"::1 - - [22/Aug/2023:00:26:59 +0000] \"POST /analysesVentes HTTP/1.1\" 500 30 \"-\" \"PostmanRuntime/7.32.3\"","service":"aml-server-api"}
{"level":"info","message":"::1 - - [22/Aug/2023:00:27:03 +0000] \"GET /analysesVentes HTTP/1.1\" 200 - \"-\" \"PostmanRuntime/7.32.3\"","service":"aml-server-api"}
{"level":"info","message":"::1 - - [22/Aug/2023:00:29:08 +0000] \"GET /categoriesProduits HTTP/1.1\" 200 499 \"-\" \"PostmanRuntime/7.32.3\"","service":"aml-server-api"}
{"level":"info","message":"::1 - - [22/Aug/2023:00:35:30 +0000] \"GET /clients HTTP/1.1\" 200 745 \"-\" \"PostmanRuntime/7.32.3\"","service":"aml-server-api"}
{"level":"info","message":"::1 - - [22/Aug/2023:00:37:38 +0000] \"GET /commandesFournisseurs HTTP/1.1\" 200 368 \"-\" \"PostmanRuntime/7.32.3\"","service":"aml-server-api"}
{"level":"info","message":"::1 - - [22/Aug/2023:00:41:40 +0000] \"GET /detailsVentes HTTP/1.1\" 404 152 \"-\" \"PostmanRuntime/7.32.3\"","service":"aml-server-api"}
{"level":"info","message":"::1 - - [22/Aug/2023:00:41:48 +0000] \"GET /detailVentes HTTP/1.1\" 200 369 \"-\" \"PostmanRuntime/7.32.3\"","service":"aml-server-api"}
{"level":"info","message":"::1 - - [22/Aug/2023:00:43:52 +0000] \"GET /employes HTTP/1.1\" 200 - \"-\" \"PostmanRuntime/7.32.3\"","service":"aml-server-api"}
{"level":"info","message":"::1 - - [22/Aug/2023:01:02:41 +0000] \"GET /entreprises HTTP/1.1\" 200 - \"-\" \"PostmanRuntime/7.32.3\"","service":"aml-server-api"}
{"level":"info","message":"::1 - - [22/Aug/2023:01:05:42 +0000] \"GET /factures HTTP/1.1\" 200 614 \"-\" \"PostmanRuntime/7.32.3\"","service":"aml-server-api"}
{"level":"info","message":"::1 - - [22/Aug/2023:01:09:22 +0000] \"GET /fournisseurs HTTP/1.1\" 200 686 \"-\" \"PostmanRuntime/7.32.3\"","service":"aml-server-api"}
{"level":"info","message":"::1 - - [22/Aug/2023:02:31:59 +0000] \"GET /historiquePrix HTTP/1.1\" 200 2 \"-\" \"PostmanRuntime/7.32.3\"","service":"aml-server-api"}
{"level":"info","message":"::1 - - [22/Aug/2023:02:36:54 +0000] \"GET /journalisationsOperations HTTP/1.1\" 200 820 \"-\" \"PostmanRuntime/7.32.3\"","service":"aml-server-api"}
{"level":"info","message":"::1 - - [22/Aug/2023:02:41:42 +0000] \"GET /notesInternes HTTP/1.1\" 200 920 \"-\" \"PostmanRuntime/7.32.3\"","service":"aml-server-api"}
{"level":"info","message":"::1 - - [22/Aug/2023:02:44:24 +0000] \"GET /presencesEmployes HTTP/1.1\" 200 636 \"-\" \"PostmanRuntime/7.32.3\"","service":"aml-server-api"}
{"level":"info","message":"::1 - - [22/Aug/2023:03:33:31 +0000] \"GET /produits HTTP/1.1\" 200 - \"-\" \"PostmanRuntime/7.32.3\"","service":"aml-server-api"}
{"level":"info","message":"::1 - - [22/Aug/2023:03:35:27 +0000] \"GET /retoursProduits HTTP/1.1\" 200 2 \"-\" \"PostmanRuntime/7.32.3\"","service":"aml-server-api"}
{"level":"info","message":"::1 - - [22/Aug/2023:03:37:10 +0000] \"GET /succursales HTTP/1.1\" 200 - \"-\" \"PostmanRuntime/7.32.3\"","service":"aml-server-api"}
{"level":"info","message":"::1 - - [22/Aug/2023:03:41:31 +0000] \"GET /transactionsCaisse HTTP/1.1\" 200 806 \"-\" \"PostmanRuntime/7.32.3\"","service":"aml-server-api"}
{"level":"info","message":"::1 - - [22/Aug/2023:03:43:01 +0000] \"GET /transactions HTTP/1.1\" 200 761 \"-\" \"PostmanRuntime/7.32.3\"","service":"aml-server-api"}
{"level":"info","message":"::1 - - [22/Aug/2023:03:46:06 +0000] \"GET /typeEmployes HTTP/1.1\" 200 422 \"-\" \"PostmanRuntime/7.32.3\"","service":"aml-server-api"}
{"level":"info","message":"::1 - - [22/Aug/2023:03:47:04 +0000] \"GET /typeSuccursales HTTP/1.1\" 200 160 \"-\" \"PostmanRuntime/7.32.3\"","service":"aml-server-api"}
{"level":"info","message":"::1 - - [22/Aug/2023:03:49:01 +0000] \"GET /unitesMonetaires HTTP/1.1\" 200 310 \"-\" \"PostmanRuntime/7.32.3\"","service":"aml-server-api"}
{"level":"info","message":"::1 - - [22/Aug/2023:03:50:41 +0000] \"GET /utilisateurs HTTP/1.1\" 200 674 \"-\" \"PostmanRuntime/7.32.3\"","service":"aml-server-api"}
{"level":"info","message":"::1 - - [22/Aug/2023:03:52:06 +0000] \"GET /ventes HTTP/1.1\" 200 539 \"-\" \"PostmanRuntime/7.32.3\"","service":"aml-server-api"}
{"level":"info","message":"::1 - - [22/Aug/2023:03:54:18 +0000] \"GET /historiquesModifications HTTP/1.1\" 200 - \"-\" \"PostmanRuntime/7.32.3\"","service":"aml-server-api"}
{"level":"info","message":"::1 - - [22/Aug/2023:18:42:27 +0000] \"GET /login HTTP/1.1\" 200 149 \"-\" \"PostmanRuntime/7.32.3\"","service":"aml-server-api"}
{"level":"info","message":"::1 - - [22/Aug/2023:18:42:58 +0000] \"GET /achats HTTP/1.1\" 403 9 \"-\" \"PostmanRuntime/7.32.3\"","service":"aml-server-api"}
{"level":"info","message":"::1 - - [22/Aug/2023:18:43:07 +0000] \"GET /login HTTP/1.1\" 200 149 \"-\" \"PostmanRuntime/7.32.3\"","service":"aml-server-api"}
{"level":"info","message":"::1 - - [22/Aug/2023:18:43:33 +0000] \"GET /employes/4 HTTP/1.1\" 200 165 \"-\" \"PostmanRuntime/7.32.3\"","service":"aml-server-api"}
{"level":"info","message":"::1 - - [22/Aug/2023:18:45:01 +0000] \"GET /employes/produits HTTP/1.1\" 200 - \"-\" \"PostmanRuntime/7.32.3\"","service":"aml-server-api"}
{"level":"info","message":"::1 - - [22/Aug/2023:18:45:11 +0000] \"GET /produits HTTP/1.1\" 200 - \"-\" \"PostmanRuntime/7.32.3\"","service":"aml-server-api"}
{"level":"info","message":"::1 - - [22/Aug/2023:18:46:26 +0000] \"GET /produits/3 HTTP/1.1\" 200 275 \"-\" \"PostmanRuntime/7.32.3\"","service":"aml-server-api"}
{"level":"info","message":"::1 - - [22/Aug/2023:18:49:40 +0000] \"GET / HTTP/1.1\" 401 29 \"-\" \"Mozilla/5.0 (Macintosh; Intel Mac OS X 10_15_7) AppleWebKit/605.1.15 (KHTML, like Gecko) Version/15.4 Safari/605.1.15\"","service":"aml-server-api"}
{"level":"info","message":"::1 - - [22/Aug/2023:18:50:26 +0000] \"GET /produits/3 HTTP/1.1\" 401 29 \"-\" \"PostmanRuntime/7.32.3\"","service":"aml-server-api"}
{"level":"info","message":"::1 - - [22/Aug/2023:18:50:36 +0000] \"GET /produits/3 HTTP/1.1\" 200 275 \"-\" \"PostmanRuntime/7.32.3\"","service":"aml-server-api"}
{"level":"info","message":"::1 - - [22/Aug/2023:23:06:55 +0000] \"GET /produits/3 HTTP/1.1\" 200 275 \"-\" \"PostmanRuntime/7.32.3\"","service":"aml-server-api"}
{"level":"info","message":"::1 - - [22/Aug/2023:23:06:59 +0000] \"GET /produits/3C HTTP/1.1\" 400 146 \"-\" \"PostmanRuntime/7.32.3\"","service":"aml-server-api"}
{"level":"info","message":"::1 - - [22/Aug/2023:23:07:06 +0000] \"GET /produits/3 HTTP/1.1\" 200 275 \"-\" \"PostmanRuntime/7.32.3\"","service":"aml-server-api"}
{"level":"info","message":"::1 - - [22/Aug/2023:23:07:19 +0000] \"GET /typeEmployes HTTP/1.1\" 200 422 \"-\" \"PostmanRuntime/7.32.3\"","service":"aml-server-api"}
{"level":"info","message":"::1 - - [22/Aug/2023:23:07:27 +0000] \"GET /typeEmployes/6 HTTP/1.1\" 200 - \"-\" \"PostmanRuntime/7.32.3\"","service":"aml-server-api"}
{"level":"info","message":"::1 - - [22/Aug/2023:23:07:29 +0000] \"GET /typeEmployes/4 HTTP/1.1\" 200 73 \"-\" \"PostmanRuntime/7.32.3\"","service":"aml-server-api"}
{"level":"info","message":"::1 - - [22/Aug/2023:23:07:32 +0000] \"GET /typeEmployes/4d HTTP/1.1\" 400 154 \"-\" \"PostmanRuntime/7.32.3\"","service":"aml-server-api"}
{"level":"info","message":"::1 - - [22/Aug/2023:23:07:35 +0000] \"GET /typeEmployes/4 HTTP/1.1\" 200 73 \"-\" \"PostmanRuntime/7.32.3\"","service":"aml-server-api"}
{"level":"info","message":"::1 - - [22/Aug/2023:23:07:43 +0000] \"GET /succursales HTTP/1.1\" 200 - \"-\" \"PostmanRuntime/7.32.3\"","service":"aml-server-api"}
{"level":"info","message":"::1 - - [22/Aug/2023:23:08:10 +0000] \"GET /succursales/typy HTTP/1.1\" 400 154 \"-\" \"PostmanRuntime/7.32.3\"","service":"aml-server-api"}
{"level":"info","message":"::1 - - [22/Aug/2023:23:08:15 +0000] \"GET /succursales/type/3 HTTP/1.1\" 200 254 \"-\" \"PostmanRuntime/7.32.3\"","service":"aml-server-api"}
{"level":"info","message":"::1 - - [22/Aug/2023:23:08:25 +0000] \"GET /succursales/type/3d HTTP/1.1\" 400 156 \"-\" \"PostmanRuntime/7.32.3\"","service":"aml-server-api"}
{"level":"info","message":"::1 - - [25/Aug/2023:01:05:47 +0000] \"GET /succursales/type/3 HTTP/1.1\" 403 9 \"-\" \"PostmanRuntime/7.32.3\"","service":"aml-server-api"}
{"level":"info","message":"::1 - - [25/Aug/2023:01:06:03 +0000] \"GET /login HTTP/1.1\" 200 149 \"-\" \"PostmanRuntime/7.32.3\"","service":"aml-server-api"}
{"level":"info","message":"::1 - - [25/Aug/2023:01:06:36 +0000] \"GET /client HTTP/1.1\" 404 145 \"-\" \"PostmanRuntime/7.32.3\"","service":"aml-server-api"}
{"level":"info","message":"::1 - - [25/Aug/2023:01:06:39 +0000] \"GET /clients HTTP/1.1\" 200 745 \"-\" \"PostmanRuntime/7.32.3\"","service":"aml-server-api"}
{"level":"info","message":"::1 - - [25/Aug/2023:01:07:36 +0000] \"GET / HTTP/1.1\" 401 29 \"-\" \"Mozilla/5.0 (Macintosh; Intel Mac OS X 10_15_7) AppleWebKit/605.1.15 (KHTML, like Gecko) Version/15.4 Safari/605.1.15\"","service":"aml-server-api"}
{"level":"info","message":"::1 - - [25/Aug/2023:01:07:37 +0000] \"GET /apple-touch-icon-precomposed.png HTTP/1.1\" 401 29 \"-\" \"Safari/17613.1.17.1.6 CFNetwork/1331.0.7 Darwin/21.4.0\"","service":"aml-server-api"}
{"level":"info","message":"::1 - - [25/Aug/2023:01:07:37 +0000] \"GET /apple-touch-icon.png HTTP/1.1\" 401 29 \"-\" \"Safari/17613.1.17.1.6 CFNetwork/1331.0.7 Darwin/21.4.0\"","service":"aml-server-api"}
{"level":"info","message":"::1 - - [25/Aug/2023:01:07:45 +0000] \"GET /client HTTP/1.1\" 401 29 \"-\" \"Mozilla/5.0 (Macintosh; Intel Mac OS X 10_15_7) AppleWebKit/605.1.15 (KHTML, like Gecko) Version/15.4 Safari/605.1.15\"","service":"aml-server-api"}
{"level":"info","message":"::1 - - [25/Aug/2023:01:07:46 +0000] \"GET /clients HTTP/1.1\" 401 29 \"-\" \"Mozilla/5.0 (Macintosh; Intel Mac OS X 10_15_7) AppleWebKit/605.1.15 (KHTML, like Gecko) Version/15.4 Safari/605.1.15\"","service":"aml-server-api"}
{"level":"info","message":"::1 - - [25/Aug/2023:01:07:55 +0000] \"GET /client HTTP/1.1\" 401 29 \"-\" \"Mozilla/5.0 (Macintosh; Intel Mac OS X 10_15_7) AppleWebKit/605.1.15 (KHTML, like Gecko) Version/15.4 Safari/605.1.15\"","service":"aml-server-api"}
{"level":"info","message":"::1 - - [25/Aug/2023:01:07:56 +0000] \"GET /clients HTTP/1.1\" 401 29 \"-\" \"Mozilla/5.0 (Macintosh; Intel Mac OS X 10_15_7) AppleWebKit/605.1.15 (KHTML, like Gecko) Version/15.4 Safari/605.1.15\"","service":"aml-server-api"}
{"level":"info","message":"::1 - - [25/Aug/2023:01:08:31 +0000] \"GET /clients/4 HTTP/1.1\" 200 148 \"-\" \"PostmanRuntime/7.32.3\"","service":"aml-server-api"}
{"level":"info","message":"::1 - - [25/Aug/2023:01:08:45 +0000] \"GET /clients/4c HTTP/1.1\" 400 145 \"-\" \"PostmanRuntime/7.32.3\"","service":"aml-server-api"}
{"level":"info","message":"::1 - - [25/Aug/2023:01:09:34 +0000] \"GET /clients/4 HTTP/1.1\" 200 148 \"-\" \"PostmanRuntime/7.32.3\"","service":"aml-server-api"}
{"level":"info","message":"::1 - - [25/Aug/2023:01:10:49 +0000] \"POST /clients/4 HTTP/1.1\" 404 149 \"-\" \"PostmanRuntime/7.32.3\"","service":"aml-server-api"}
{"level":"info","message":"::1 - - [25/Aug/2023:01:11:04 +0000] \"POST /clients HTTP/1.1\" 201 49 \"-\" \"PostmanRuntime/7.32.3\"","service":"aml-server-api"}
{"level":"info","message":"::1 - - [25/Aug/2023:01:11:22 +0000] \"POST /clients HTTP/1.1\" 400 159 \"-\" \"PostmanRuntime/7.32.3\"","service":"aml-server-api"}
{"level":"info","message":"::1 - - [25/Aug/2023:01:12:01 +0000] \"GET /clients HTTP/1.1\" 200 896 \"-\" \"PostmanRuntime/7.32.3\"","service":"aml-server-api"}
{"level":"info","message":"::1 - - [25/Aug/2023:01:12:43 +0000] \"PUT /clients/5 HTTP/1.1\" 200 42 \"-\" \"PostmanRuntime/7.32.3\"","service":"aml-server-api"}
{"level":"info","message":"::1 - - [25/Aug/2023:01:12:57 +0000] \"GET /clients HTTP/1.1\" 200 896 \"-\" \"PostmanRuntime/7.32.3\"","service":"aml-server-api"}
{"level":"info","message":"::1 - - [25/Aug/2023:01:13:33 +0000] \"DELETE /clients/6c HTTP/1.1\" 400 145 \"-\" \"PostmanRuntime/7.32.3\"","service":"aml-server-api"}
{"level":"info","message":"::1 - - [25/Aug/2023:01:13:42 +0000] \"DELETE /clients/6 HTTP/1.1\" 200 42 \"-\" \"PostmanRuntime/7.32.3\"","service":"aml-server-api"}
{"level":"info","message":"::1 - - [25/Aug/2023:01:13:54 +0000] \"GET /clients/5 HTTP/1.1\" 200 147 \"-\" \"PostmanRuntime/7.32.3\"","service":"aml-server-api"}
{"level":"info","message":"::1 - - [25/Aug/2023:01:13:59 +0000] \"GET /clients/6 HTTP/1.1\" 404 41 \"-\" \"PostmanRuntime/7.32.3\"","service":"aml-server-api"}
{"level":"info","message":"::ffff:192.168.0.69 - - [28/Aug/2023:03:14:30 +0000] \"GET / HTTP/1.1\" 401 29 \"-\" \"Mozilla/5.0 (Windows NT 10.0; Win64; x64; rv:109.0) Gecko/20100101 Firefox/116.0\"","service":"aml-server-api"}
{"level":"info","message":"::ffff:192.168.0.69 - - [28/Aug/2023:03:15:37 +0000] \"GET / HTTP/1.1\" 401 29 \"-\" \"PostmanRuntime/7.32.3\"","service":"aml-server-api"}
{"level":"info","message":"::ffff:192.168.0.69 - - [28/Aug/2023:03:16:04 +0000] \"GET /login HTTP/1.1\" 401 29 \"-\" \"PostmanRuntime/7.32.3\"","service":"aml-server-api"}
{"level":"info","message":"::ffff:192.168.0.69 - - [28/Aug/2023:03:16:06 +0000] \"GET /login HTTP/1.1\" 401 29 \"-\" \"PostmanRuntime/7.32.3\"","service":"aml-server-api"}
{"level":"info","message":"::ffff:192.168.0.69 - - [28/Aug/2023:03:16:33 +0000] \"GET /login HTTP/1.1\" 200 149 \"-\" \"PostmanRuntime/7.32.3\"","service":"aml-server-api"}
{"level":"info","message":"::ffff:192.168.0.69 - - [28/Aug/2023:03:17:20 +0000] \"GET /achats HTTP/1.1\" 500 21 \"-\" \"PostmanRuntime/7.32.3\"","service":"aml-server-api"}
{"level":"info","message":"::ffff:192.168.0.69 - - [28/Aug/2023:03:17:24 +0000] \"GET /achat HTTP/1.1\" 404 144 \"-\" \"PostmanRuntime/7.32.3\"","service":"aml-server-api"}
{"level":"info","message":"::ffff:192.168.0.69 - - [28/Aug/2023:03:17:37 +0000] \"GET /employes HTTP/1.1\" 500 23 \"-\" \"PostmanRuntime/7.32.3\"","service":"aml-server-api"}
{"level":"info","message":"::ffff:192.168.0.69 - - [28/Aug/2023:03:17:42 +0000] \"GET /employes HTTP/1.1\" 500 23 \"-\" \"PostmanRuntime/7.32.3\"","service":"aml-server-api"}
{"level":"info","message":"::ffff:192.168.0.69 - - [28/Aug/2023:03:17:43 +0000] \"GET /employes HTTP/1.1\" 500 23 \"-\" \"PostmanRuntime/7.32.3\"","service":"aml-server-api"}
{"level":"info","message":"::ffff:192.168.0.69 - - [28/Aug/2023:03:18:18 +0000] \"GET /employes HTTP/1.1\" 200 - \"-\" \"PostmanRuntime/7.32.3\"","service":"aml-server-api"}
{"level":"info","message":"::ffff:192.168.0.69 - - [28/Aug/2023:03:19:03 +0000] \"GET /employes/matricule/WAZ234 HTTP/1.1\" 404 164 \"-\" \"PostmanRuntime/7.32.3\"","service":"aml-server-api"}
{"level":"info","message":"::ffff:192.168.0.69 - - [28/Aug/2023:03:19:10 +0000] \"GET /employes/1 HTTP/1.1\" 200 164 \"-\" \"PostmanRuntime/7.32.3\"","service":"aml-server-api"}
{"level":"info","message":"::ffff:192.168.0.69 - - [28/Aug/2023:03:19:27 +0000] \"GET /employes/8 HTTP/1.1\" 200 - \"-\" \"PostmanRuntime/7.32.3\"","service":"aml-server-api"}
{"level":"info","message":"::ffff:192.168.0.69 - - [28/Aug/2023:03:19:34 +0000] \"GET /employes/10 HTTP/1.1\" 200 - \"-\" \"PostmanRuntime/7.32.3\"","service":"aml-server-api"}
{"level":"info","message":"::ffff:192.168.0.69 - - [28/Aug/2023:03:19:45 +0000] \"GET /employes/2 HTTP/1.1\" 200 166 \"-\" \"PostmanRuntime/7.32.3\"","service":"aml-server-api"}
{"level":"info","message":"::ffff:192.168.0.69 - - [28/Aug/2023:03:20:04 +0000] \"GET /employes/5 HTTP/1.1\" 200 164 \"-\" \"PostmanRuntime/7.32.3\"","service":"aml-server-api"}
{"level":"info","message":"::1 - - [28/Aug/2023:22:16:28 +0000] \"GET / HTTP/1.1\" 401 29 \"-\" \"Mozilla/5.0 (Macintosh; Intel Mac OS X 10_15_7) AppleWebKit/605.1.15 (KHTML, like Gecko) Version/15.4 Safari/605.1.15\"","service":"aml-server-api"}
{"level":"info","message":"::1 - - [28/Aug/2023:23:03:19 +0000] \"GET /login HTTP/1.1\" 200 149 \"-\" \"PostmanRuntime/7.32.3\"","service":"aml-server-api"}
{"level":"info","message":"::1 - - [28/Aug/2023:23:04:03 +0000] \"GET /produits HTTP/1.1\" 200 - \"-\" \"PostmanRuntime/7.32.3\"","service":"aml-server-api"}
{"level":"info","message":"::1 - - [28/Aug/2023:23:59:17 +0000] \"GET /produits HTTP/1.1\" 401 29 \"-\" \"PostmanRuntime/7.32.3\"","service":"aml-server-api"}
{"level":"info","message":"::1 - - [28/Aug/2023:23:59:38 +0000] \"GET /produits HTTP/1.1\" 401 12 \"-\" \"PostmanRuntime/7.32.3\"","service":"aml-server-api"}
{"level":"info","message":"::1 - - [29/Aug/2023:00:00:03 +0000] \"POST /login HTTP/1.1\" 400 210 \"-\" \"PostmanRuntime/7.32.3\"","service":"aml-server-api"}
{"level":"info","message":"::1 - - [29/Aug/2023:00:01:10 +0000] \"POST /login HTTP/1.1\" 400 123 \"-\" \"PostmanRuntime/7.32.3\"","service":"aml-server-api"}
{"level":"info","message":"::1 - - [29/Aug/2023:00:01:19 +0000] \"POST /login HTTP/1.1\" 401 30 \"-\" \"PostmanRuntime/7.32.3\"","service":"aml-server-api"}
{"level":"info","message":"::1 - - [29/Aug/2023:00:01:28 +0000] \"POST /login HTTP/1.1\" 200 627 \"-\" \"PostmanRuntime/7.32.3\"","service":"aml-server-api"}
{"level":"info","message":"::1 - - [29/Aug/2023:00:02:02 +0000] \"GET /achats HTTP/1.1\" 403 9 \"-\" \"PostmanRuntime/7.32.3\"","service":"aml-server-api"}
{"level":"info","message":"::1 - - [29/Aug/2023:00:02:15 +0000] \"GET /achats HTTP/1.1\" 403 9 \"-\" \"PostmanRuntime/7.32.3\"","service":"aml-server-api"}
{"level":"info","message":"::1 - - [29/Aug/2023:00:02:16 +0000] \"GET /achats HTTP/1.1\" 403 9 \"-\" \"PostmanRuntime/7.32.3\"","service":"aml-server-api"}
{"level":"info","message":"::1 - - [29/Aug/2023:00:02:26 +0000] \"POST /achats HTTP/1.1\" 403 9 \"-\" \"PostmanRuntime/7.32.3\"","service":"aml-server-api"}
{"level":"info","message":"::1 - - [29/Aug/2023:00:02:40 +0000] \"POST /login HTTP/1.1\" 200 627 \"-\" \"PostmanRuntime/7.32.3\"","service":"aml-server-api"}
{"level":"info","message":"::1 - - [29/Aug/2023:00:03:04 +0000] \"GET /clients/6 HTTP/1.1\" 404 41 \"-\" \"PostmanRuntime/7.32.3\"","service":"aml-server-api"}
{"level":"info","message":"::1 - - [29/Aug/2023:00:03:11 +0000] \"GET /clients/1 HTTP/1.1\" 200 149 \"-\" \"PostmanRuntime/7.32.3\"","service":"aml-server-api"}
{"level":"info","message":"::1 - - [30/Aug/2023:23:24:29 +0000] \"GET /login HTTP/1.1\" 200 149 \"-\" \"PostmanRuntime/7.32.3\"","service":"aml-server-api"}
{"level":"info","message":"::1 - - [30/Aug/2023:23:25:09 +0000] \"GET /achats HTTP/1.1\" 200 467 \"-\" \"PostmanRuntime/7.32.3\"","service":"aml-server-api"}
{"level":"info","message":"::1 - - [30/Aug/2023:23:25:18 +0000] \"GET /employes HTTP/1.1\" 200 - \"-\" \"PostmanRuntime/7.32.3\"","service":"aml-server-api"}
{"level":"info","message":"::1 - - [30/Aug/2023:23:25:53 +0000] \"GET /entreprise HTTP/1.1\" 404 149 \"-\" \"PostmanRuntime/7.32.3\"","service":"aml-server-api"}
{"level":"info","message":"::1 - - [30/Aug/2023:23:26:00 +0000] \"GET /entreprises HTTP/1.1\" 200 - \"-\" \"PostmanRuntime/7.32.3\"","service":"aml-server-api"}
{"level":"info","message":"::1 - - [30/Aug/2023:23:40:59 +0000] \"GET / HTTP/1.1\" 401 29 \"-\" \"Mozilla/5.0 (Macintosh; Intel Mac OS X 10_15_7) AppleWebKit/605.1.15 (KHTML, like Gecko) Version/15.4 Safari/605.1.15\"","service":"aml-server-api"}
{"level":"info","message":"::1 - - [30/Aug/2023:23:40:59 +0000] \"GET /apple-touch-icon-precomposed.png HTTP/1.1\" 401 29 \"-\" \"Safari/17613.1.17.1.6 CFNetwork/1331.0.7 Darwin/21.4.0\"","service":"aml-server-api"}
{"level":"info","message":"::1 - - [30/Aug/2023:23:40:59 +0000] \"GET /apple-touch-icon.png HTTP/1.1\" 401 29 \"-\" \"Safari/17613.1.17.1.6 CFNetwork/1331.0.7 Darwin/21.4.0\"","service":"aml-server-api"}
{"level":"info","message":"::1 - - [30/Aug/2023:23:41:40 +0000] \"GET / HTTP/1.1\" 401 29 \"-\" \"PostmanRuntime/7.32.3\"","service":"aml-server-api"}
{"level":"info","message":"::1 - - [30/Aug/2023:23:42:08 +0000] \"GET / HTTP/1.1\" 404 139 \"-\" \"PostmanRuntime/7.32.3\"","service":"aml-server-api"}
{"level":"info","message":"::1 - - [30/Aug/2023:23:42:21 +0000] \"GET /employes HTTP/1.1\" 401 12 \"-\" \"PostmanRuntime/7.32.3\"","service":"aml-server-api"}
{"level":"info","message":"::1 - - [30/Aug/2023:23:42:35 +0000] \"GET /employes HTTP/1.1\" 401 29 \"-\" \"PostmanRuntime/7.32.3\"","service":"aml-server-api"}
{"level":"info","message":"::1 - - [30/Aug/2023:23:42:41 +0000] \"GET /employes HTTP/1.1\" 401 12 \"-\" \"PostmanRuntime/7.32.3\"","service":"aml-server-api"}
{"level":"info","message":"::1 - - [30/Aug/2023:23:43:04 +0000] \"GET /login HTTP/1.1\" 200 149 \"-\" \"PostmanRuntime/7.32.3\"","service":"aml-server-api"}
{"level":"info","message":"::1 - - [30/Aug/2023:23:43:28 +0000] \"GET /login HTTP/1.1\" 200 149 \"-\" \"PostmanRuntime/7.32.3\"","service":"aml-server-api"}
{"level":"info","message":"::1 - - [30/Aug/2023:23:43:55 +0000] \"GET /employes HTTP/1.1\" 200 - \"-\" \"PostmanRuntime/7.32.3\"","service":"aml-server-api"}
{"level":"info","message":"::1 - - [30/Aug/2023:23:45:28 +0000] \"GET /achats HTTP/1.1\" 200 467 \"-\" \"PostmanRuntime/7.32.3\"","service":"aml-server-api"}
{"level":"info","message":"::1 - - [30/Aug/2023:23:45:49 +0000] \"GET /achats/3 HTTP/1.1\" 200 92 \"-\" \"PostmanRuntime/7.32.3\"","service":"aml-server-api"}
{"level":"info","message":"::1 - - [30/Aug/2023:23:46:10 +0000] \"GET /achats/fournisseur/3 HTTP/1.1\" 400 204 \"-\" \"PostmanRuntime/7.32.3\"","service":"aml-server-api"}
{"level":"info","message":"::ffff:192.168.0.38 - - [30/Aug/2023:23:52:35 +0000] \"GET / HTTP/1.1\" 401 29 \"-\" \"Mozilla/5.0 (iPhone; CPU iPhone OS 15_3_1 like Mac OS X) AppleWebKit/605.1.15 (KHTML, like Gecko) Version/15.3 Mobile/15E148 Safari/604.1\"","service":"aml-server-api"}
{"level":"info","message":"::1 - - [31/Aug/2023:03:56:53 +0000] \"GET / HTTP/1.1\" 401 29 \"-\" \"Mozilla/5.0 (Macintosh; Intel Mac OS X 10_15_7) AppleWebKit/605.1.15 (KHTML, like Gecko) Version/15.4 Safari/605.1.15\"","service":"aml-server-api"}
{"level":"info","message":"::1 - - [01/Sep/2023:00:57:21 +0000] \"GET /employes HTTP/1.1\" 401 29 \"-\" \"PostmanRuntime/7.32.3\"","service":"aml-server-api"}
{"level":"info","message":"::1 - - [01/Sep/2023:00:57:40 +0000] \"GET /employes HTTP/1.1\" 401 29 \"-\" \"PostmanRuntime/7.32.3\"","service":"aml-server-api"}
{"level":"info","message":"::1 - - [01/Sep/2023:00:57:51 +0000] \"GET /employes HTTP/1.1\" 401 12 \"-\" \"PostmanRuntime/7.32.3\"","service":"aml-server-api"}
{"level":"info","message":"::1 - - [01/Sep/2023:00:57:58 +0000] \"GET /entreprises HTTP/1.1\" 200 - \"-\" \"PostmanRuntime/7.32.3\"","service":"aml-server-api"}
{"level":"info","message":"::1 - - [01/Sep/2023:01:04:40 +0000] \"POST /entreprises HTTP/1.1\" 201 91 \"-\" \"PostmanRuntime/7.32.3\"","service":"aml-server-api"}
{"level":"info","message":"::1 - - [01/Sep/2023:01:04:45 +0000] \"GET /entreprises HTTP/1.1\" 200 - \"-\" \"PostmanRuntime/7.32.3\"","service":"aml-server-api"}
{"level":"info","message":"::1 - - [01/Sep/2023:01:05:07 +0000] \"POST /entreprises HTTP/1.1\" 201 91 \"-\" \"PostmanRuntime/7.32.3\"","service":"aml-server-api"}
{"level":"info","message":"::1 - - [01/Sep/2023:01:05:11 +0000] \"GET /entreprises HTTP/1.1\" 200 - \"-\" \"PostmanRuntime/7.32.3\"","service":"aml-server-api"}
{"level":"info","message":"::1 - - [01/Sep/2023:01:05:48 +0000] \"GET /entreprises HTTP/1.1\" 200 - \"-\" \"PostmanRuntime/7.32.3\"","service":"aml-server-api"}
{"level":"info","message":"::1 - - [01/Sep/2023:01:05:55 +0000] \"POST /entreprises HTTP/1.1\" 201 91 \"-\" \"PostmanRuntime/7.32.3\"","service":"aml-server-api"}
{"level":"info","message":"::1 - - [01/Sep/2023:01:06:00 +0000] \"GET /entreprises HTTP/1.1\" 200 - \"-\" \"PostmanRuntime/7.32.3\"","service":"aml-server-api"}
{"level":"info","message":"::1 - - [01/Sep/2023:01:11:23 +0000] \"GET /employes HTTP/1.1\" 200 - \"-\" \"PostmanRuntime/7.32.3\"","service":"aml-server-api"}
{"level":"info","message":"::1 - - [01/Sep/2023:01:25:00 +0000] \"POST /entreprises/newAccount HTTP/1.1\" 201 91 \"-\" \"PostmanRuntime/7.32.3\"","service":"aml-server-api"}
{"level":"info","message":"::1 - - [01/Sep/2023:01:47:51 +0000] \"POST /entreprises/newAccount HTTP/1.1\" 500 21 \"-\" \"PostmanRuntime/7.32.3\"","service":"aml-server-api"}
{"level":"info","message":"::1 - - [01/Sep/2023:01:51:34 +0000] \"POST /entreprises/newAccount HTTP/1.1\" 500 21 \"-\" \"PostmanRuntime/7.32.3\"","service":"aml-server-api"}
{"level":"info","message":"::1 - - [01/Sep/2023:01:52:24 +0000] \"POST /entreprises/newAccount HTTP/1.1\" 500 21 \"-\" \"PostmanRuntime/7.32.3\"","service":"aml-server-api"}
{"level":"info","message":"::1 - - [01/Sep/2023:01:53:06 +0000] \"POST /entreprises/newAccount HTTP/1.1\" 500 21 \"-\" \"PostmanRuntime/7.32.3\"","service":"aml-server-api"}
{"level":"info","message":"::1 - - [01/Sep/2023:01:54:55 +0000] \"POST /entreprises/newAccount HTTP/1.1\" 500 21 \"-\" \"PostmanRuntime/7.32.3\"","service":"aml-server-api"}
{"level":"info","message":"::1 - - [01/Sep/2023:01:57:14 +0000] \"POST /entreprises/newAccount HTTP/1.1\" 500 21 \"-\" \"PostmanRuntime/7.32.3\"","service":"aml-server-api"}
{"level":"info","message":"::1 - - [01/Sep/2023:02:00:10 +0000] \"POST /entreprises/newAccount HTTP/1.1\" 200 186 \"-\" \"PostmanRuntime/7.32.3\"","service":"aml-server-api"}
{"level":"info","message":"::1 - - [01/Sep/2023:02:00:18 +0000] \"POST /entreprises/newAccount HTTP/1.1\" 200 186 \"-\" \"PostmanRuntime/7.32.3\"","service":"aml-server-api"}
{"level":"info","message":"::1 - - [01/Sep/2023:02:12:02 +0000] \"POST /entreprises/newAccount HTTP/1.1\" 500 21 \"-\" \"PostmanRuntime/7.32.3\"","service":"aml-server-api"}
{"level":"info","message":"::1 - - [01/Sep/2023:02:13:17 +0000] \"POST /entreprises/newAccount HTTP/1.1\" 500 21 \"-\" \"PostmanRuntime/7.32.3\"","service":"aml-server-api"}
{"level":"info","message":"::1 - - [01/Sep/2023:02:14:02 +0000] \"POST /entreprises/newAccount HTTP/1.1\" 500 20 \"-\" \"PostmanRuntime/7.32.3\"","service":"aml-server-api"}
{"level":"info","message":"::1 - - [01/Sep/2023:02:17:26 +0000] \"POST /entreprises/newAccount HTTP/1.1\" 500 20 \"-\" \"PostmanRuntime/7.32.3\"","service":"aml-server-api"}
{"level":"info","message":"::1 - - [01/Sep/2023:02:17:58 +0000] \"POST /entreprises/newAccount HTTP/1.1\" 200 279 \"-\" \"PostmanRuntime/7.32.3\"","service":"aml-server-api"}
{"level":"info","message":"::1 - - [01/Sep/2023:02:18:08 +0000] \"POST /entreprises/newAccount HTTP/1.1\" 200 279 \"-\" \"PostmanRuntime/7.32.3\"","service":"aml-server-api"}
{"level":"info","message":"::1 - - [01/Sep/2023:02:18:09 +0000] \"POST /entreprises/newAccount HTTP/1.1\" 200 279 \"-\" \"PostmanRuntime/7.32.3\"","service":"aml-server-api"}
{"level":"info","message":"::1 - - [01/Sep/2023:02:25:37 +0000] \"POST /entreprises/newAccount HTTP/1.1\" 200 279 \"-\" \"PostmanRuntime/7.32.3\"","service":"aml-server-api"}
{"level":"info","message":"::1 - - [01/Sep/2023:02:25:42 +0000] \"POST /entreprises/newAccount HTTP/1.1\" 200 280 \"-\" \"PostmanRuntime/7.32.3\"","service":"aml-server-api"}
{"level":"info","message":"::1 - - [01/Sep/2023:02:26:27 +0000] \"POST /entreprises/newAccount HTTP/1.1\" 200 356 \"-\" \"PostmanRuntime/7.32.3\"","service":"aml-server-api"}
{"level":"info","message":"::1 - - [01/Sep/2023:02:26:46 +0000] \"POST /entreprises/newAccount HTTP/1.1\" 200 304 \"-\" \"PostmanRuntime/7.32.3\"","service":"aml-server-api"}
{"level":"info","message":"::1 - - [01/Sep/2023:02:26:55 +0000] \"POST /entreprises/newAccount HTTP/1.1\" 200 304 \"-\" \"PostmanRuntime/7.32.3\"","service":"aml-server-api"}
{"level":"info","message":"::1 - - [01/Sep/2023:02:27:21 +0000] \"POST /entreprises/newAccount HTTP/1.1\" 200 301 \"-\" \"PostmanRuntime/7.32.3\"","service":"aml-server-api"}
{"level":"info","message":"::1 - - [02/Sep/2023:19:34:45 +0000] \"POST /entreprises/newAccount HTTP/1.1\" 500 45 \"-\" \"PostmanRuntime/7.32.3\"","service":"aml-server-api"}
{"level":"info","message":"::1 - - [02/Sep/2023:19:37:48 +0000] \"POST /entreprises/newAccount HTTP/1.1\" 500 45 \"-\" \"PostmanRuntime/7.32.3\"","service":"aml-server-api"}
{"level":"info","message":"::1 - - [02/Sep/2023:19:38:08 +0000] \"POST /entreprises/newAccount HTTP/1.1\" 500 45 \"-\" \"PostmanRuntime/7.32.3\"","service":"aml-server-api"}
{"level":"info","message":"::1 - - [02/Sep/2023:19:38:46 +0000] \"POST /entreprises/newAccount HTTP/1.1\" 500 45 \"-\" \"PostmanRuntime/7.32.3\"","service":"aml-server-api"}
{"level":"info","message":"::1 - - [02/Sep/2023:21:25:34 +0000] \"POST /entreprises/newAccount HTTP/1.1\" 500 45 \"-\" \"PostmanRuntime/7.32.3\"","service":"aml-server-api"}
{"level":"info","message":"::1 - - [02/Sep/2023:21:27:19 +0000] \"POST /entreprises/newAccount HTTP/1.1\" 200 301 \"-\" \"PostmanRuntime/7.32.3\"","service":"aml-server-api"}
{"level":"info","message":"::1 - - [02/Sep/2023:21:28:06 +0000] \"POST /entreprises/newAccount HTTP/1.1\" 200 301 \"-\" \"PostmanRuntime/7.32.3\"","service":"aml-server-api"}
{"level":"info","message":"::1 - - [02/Sep/2023:21:43:11 +0000] \"POST /entreprises/newAccount HTTP/1.1\" 200 301 \"-\" \"PostmanRuntime/7.32.3\"","service":"aml-server-api"}
{"level":"info","message":"::1 - - [02/Sep/2023:21:46:00 +0000] \"POST /entreprises/newAccount HTTP/1.1\" 200 301 \"-\" \"PostmanRuntime/7.32.3\"","service":"aml-server-api"}
{"level":"info","message":"::1 - - [02/Sep/2023:21:48:55 +0000] \"POST /entreprises/newAccount HTTP/1.1\" 200 301 \"-\" \"PostmanRuntime/7.32.3\"","service":"aml-server-api"}
{"level":"info","message":"::1 - - [02/Sep/2023:21:51:56 +0000] \"POST /entreprises/newAccount HTTP/1.1\" 200 301 \"-\" \"PostmanRuntime/7.32.3\"","service":"aml-server-api"}
{"level":"info","message":"::1 - - [02/Sep/2023:21:55:40 +0000] \"POST /entreprises/newAccount HTTP/1.1\" 200 301 \"-\" \"PostmanRuntime/7.32.3\"","service":"aml-server-api"}
{"level":"info","message":"::1 - - [02/Sep/2023:22:26:25 +0000] \"POST /entreprises/newAccount HTTP/1.1\" 200 301 \"-\" \"PostmanRuntime/7.32.3\"","service":"aml-server-api"}
{"level":"info","message":"::1 - - [02/Sep/2023:22:40:58 +0000] \"POST /entreprises/newAccount HTTP/1.1\" 200 301 \"-\" \"PostmanRuntime/7.32.3\"","service":"aml-server-api"}
{"level":"info","message":"::1 - - [03/Sep/2023:01:51:49 +0000] \"POST /entreprises/newAccount HTTP/1.1\" 200 301 \"-\" \"PostmanRuntime/7.32.3\"","service":"aml-server-api"}
{"level":"info","message":"::1 - - [03/Sep/2023:01:54:57 +0000] \"POST /entreprises/newAccount HTTP/1.1\" 200 301 \"-\" \"PostmanRuntime/7.32.3\"","service":"aml-server-api"}
{"level":"info","message":"::1 - - [03/Sep/2023:01:55:25 +0000] \"POST /entreprises/newAccount HTTP/1.1\" 200 301 \"-\" \"PostmanRuntime/7.32.3\"","service":"aml-server-api"}
{"level":"info","message":"::1 - - [03/Sep/2023:01:56:21 +0000] \"POST /entreprises/newAccount HTTP/1.1\" 200 301 \"-\" \"PostmanRuntime/7.32.3\"","service":"aml-server-api"}
{"level":"info","message":"::1 - - [03/Sep/2023:02:02:13 +0000] \"POST /entreprises/newAccount HTTP/1.1\" 200 335 \"-\" \"PostmanRuntime/7.32.3\"","service":"aml-server-api"}
{"level":"info","message":"::1 - - [04/Sep/2023:22:18:16 +0000] \"GET / HTTP/1.1\" 401 29 \"-\" \"Mozilla/5.0 (Macintosh; Intel Mac OS X 10_15_7) AppleWebKit/605.1.15 (KHTML, like Gecko) Version/15.4 Safari/605.1.15\"","service":"aml-server-api"}
{"level":"info","message":"::1 - - [04/Sep/2023:22:18:16 +0000] \"GET /apple-touch-icon-precomposed.png HTTP/1.1\" 401 29 \"-\" \"Safari/17613.1.17.1.6 CFNetwork/1331.0.7 Darwin/21.4.0\"","service":"aml-server-api"}
{"level":"info","message":"::1 - - [04/Sep/2023:22:18:16 +0000] \"GET /apple-touch-icon.png HTTP/1.1\" 401 29 \"-\" \"Safari/17613.1.17.1.6 CFNetwork/1331.0.7 Darwin/21.4.0\"","service":"aml-server-api"}
{"level":"info","message":"::1 - - [04/Sep/2023:22:18:38 +0000] \"GET / HTTP/1.1\" 401 29 \"-\" \"Mozilla/5.0 (Macintosh; Intel Mac OS X 10_15_7) AppleWebKit/605.1.15 (KHTML, like Gecko) Version/15.4 Safari/605.1.15\"","service":"aml-server-api"}
{"level":"info","message":"::1 - - [04/Sep/2023:22:18:43 +0000] \"GET /entreprise HTTP/1.1\" 401 29 \"-\" \"Mozilla/5.0 (Macintosh; Intel Mac OS X 10_15_7) AppleWebKit/605.1.15 (KHTML, like Gecko) Version/15.4 Safari/605.1.15\"","service":"aml-server-api"}
{"level":"info","message":"::1 - - [04/Sep/2023:22:18:47 +0000] \"GET /entreprises HTTP/1.1\" 401 29 \"-\" \"Mozilla/5.0 (Macintosh; Intel Mac OS X 10_15_7) AppleWebKit/605.1.15 (KHTML, like Gecko) Version/15.4 Safari/605.1.15\"","service":"aml-server-api"}
